This file contains any messages produced by compilers while
running configure, to aid debugging if configure makes a mistake.

It was created by libdl configure 1.0.0, which was
generated by GNU Autoconf 2.69.  Invocation command line was

  $ ./configure --prefix=/usr

## --------- ##
## Platform. ##
## --------- ##

hostname = warex
uname -m = i686
uname -r = 3.13.0-32-generic
uname -s = Linux
uname -v = #57-Ubuntu SMP Tue Jul 15 03:51:12 UTC 2014

/usr/bin/uname -p = unknown
/bin/uname -X     = unknown

/bin/arch              = unknown
/usr/bin/arch -k       = unknown
/usr/convex/getsysinfo = unknown
/usr/bin/hostinfo      = unknown
/bin/machine           = unknown
/usr/bin/oslevel       = unknown
/bin/universe          = unknown

PATH: /usr/local/sbin
PATH: /usr/local/bin
PATH: /usr/sbin
PATH: /usr/bin
PATH: /sbin
PATH: /bin
PATH: /usr/games
PATH: /usr/local/games
PATH: /opt/cross/usr/bin


## ----------- ##
## Core tests. ##
## ----------- ##

configure:2289: checking for gcc
configure:2305: found /usr/bin/gcc
configure:2316: result: gcc
configure:2545: checking for C compiler version
configure:2554: gcc --version >&5
gcc (Ubuntu 4.8.2-19ubuntu1) 4.8.2
Copyright (C) 2013 Free Software Foundation, Inc.
This is free software; see the source for copying conditions.  There is NO
warranty; not even for MERCHANTABILITY or FITNESS FOR A PARTICULAR PURPOSE.

configure:2565: $? = 0
configure:2554: gcc -v >&5
Using built-in specs.
COLLECT_GCC=gcc
COLLECT_LTO_WRAPPER=/usr/lib/gcc/i686-linux-gnu/4.8/lto-wrapper
Target: i686-linux-gnu
Configured with: ../src/configure -v --with-pkgversion='Ubuntu 4.8.2-19ubuntu1' --with-bugurl=file:///usr/share/doc/gcc-4.8/README.Bugs --enable-languages=c,c++,java,go,d,fortran,objc,obj-c++ --prefix=/usr --program-suffix=-4.8 --enable-shared --enable-linker-build-id --libexecdir=/usr/lib --without-included-gettext --enable-threads=posix --with-gxx-include-dir=/usr/include/c++/4.8 --libdir=/usr/lib --enable-nls --with-sysroot=/ --enable-clocale=gnu --enable-libstdcxx-debug --enable-libstdcxx-time=yes --enable-gnu-unique-object --disable-libmudflap --enable-plugin --with-system-zlib --disable-browser-plugin --enable-java-awt=gtk --enable-gtk-cairo --with-java-home=/usr/lib/jvm/java-1.5.0-gcj-4.8-i386/jre --enable-java-home --with-jvm-root-dir=/usr/lib/jvm/java-1.5.0-gcj-4.8-i386 --with-jvm-jar-dir=/usr/lib/jvm-exports/java-1.5.0-gcj-4.8-i386 --with-arch-directory=i386 --with-ecj-jar=/usr/share/java/eclipse-ecj.jar --enable-objc-gc --enable-targets=all --enable-multiarch --disable-werror --with-arch-32=i686 --with-multilib-list=m32,m64,mx32 --with-tune=generic --enable-checking=release --build=i686-linux-gnu --host=i686-linux-gnu --target=i686-linux-gnu
Thread model: posix
gcc version 4.8.2 (Ubuntu 4.8.2-19ubuntu1) 
configure:2565: $? = 0
configure:2554: gcc -V >&5
gcc: error: unrecognized command line option '-V'
gcc: fatal error: no input files
compilation terminated.
configure:2565: $? = 4
configure:2554: gcc -qversion >&5
gcc: error: unrecognized command line option '-qversion'
gcc: fatal error: no input files
compilation terminated.
configure:2565: $? = 4
configure:2585: checking whether the C compiler works
configure:2607: gcc    conftest.c  >&5
configure:2611: $? = 0
configure:2659: result: yes
configure:2662: checking for C compiler default output file name
configure:2664: result: a.out
configure:2670: checking for suffix of executables
configure:2677: gcc -o conftest    conftest.c  >&5
configure:2681: $? = 0
configure:2703: result: 
configure:2725: checking whether we are cross compiling
configure:2733: gcc -o conftest    conftest.c  >&5
configure:2737: $? = 0
configure:2744: ./conftest
configure:2748: $? = 0
configure:2763: result: no
configure:2768: checking for suffix of object files
configure:2790: gcc -c   conftest.c >&5
configure:2794: $? = 0
configure:2815: result: o
configure:2819: checking whether we are using the GNU C compiler
configure:2838: gcc -c   conftest.c >&5
configure:2838: $? = 0
configure:2847: result: yes
configure:2856: checking whether gcc accepts -g
configure:2876: gcc -c -g  conftest.c >&5
configure:2876: $? = 0
configure:2917: result: yes
configure:2934: checking for gcc option to accept ISO C89
configure:2997: gcc  -c -g -O2  conftest.c >&5
configure:2997: $? = 0
configure:3010: result: none needed
configure:3088: checking for g++
configure:3104: found /usr/bin/g++
configure:3115: result: g++
configure:3142: checking for C++ compiler version
configure:3151: g++ --version >&5
g++ (Ubuntu 4.8.2-19ubuntu1) 4.8.2
Copyright (C) 2013 Free Software Foundation, Inc.
This is free software; see the source for copying conditions.  There is NO
warranty; not even for MERCHANTABILITY or FITNESS FOR A PARTICULAR PURPOSE.

configure:3162: $? = 0
configure:3151: g++ -v >&5
Using built-in specs.
COLLECT_GCC=g++
COLLECT_LTO_WRAPPER=/usr/lib/gcc/i686-linux-gnu/4.8/lto-wrapper
Target: i686-linux-gnu
Configured with: ../src/configure -v --with-pkgversion='Ubuntu 4.8.2-19ubuntu1' --with-bugurl=file:///usr/share/doc/gcc-4.8/README.Bugs --enable-languages=c,c++,java,go,d,fortran,objc,obj-c++ --prefix=/usr --program-suffix=-4.8 --enable-shared --enable-linker-build-id --libexecdir=/usr/lib --without-included-gettext --enable-threads=posix --with-gxx-include-dir=/usr/include/c++/4.8 --libdir=/usr/lib --enable-nls --with-sysroot=/ --enable-clocale=gnu --enable-libstdcxx-debug --enable-libstdcxx-time=yes --enable-gnu-unique-object --disable-libmudflap --enable-plugin --with-system-zlib --disable-browser-plugin --enable-java-awt=gtk --enable-gtk-cairo --with-java-home=/usr/lib/jvm/java-1.5.0-gcj-4.8-i386/jre --enable-java-home --with-jvm-root-dir=/usr/lib/jvm/java-1.5.0-gcj-4.8-i386 --with-jvm-jar-dir=/usr/lib/jvm-exports/java-1.5.0-gcj-4.8-i386 --with-arch-directory=i386 --with-ecj-jar=/usr/share/java/eclipse-ecj.jar --enable-objc-gc --enable-targets=all --enable-multiarch --disable-werror --with-arch-32=i686 --with-multilib-list=m32,m64,mx32 --with-tune=generic --enable-checking=release --build=i686-linux-gnu --host=i686-linux-gnu --target=i686-linux-gnu
Thread model: posix
gcc version 4.8.2 (Ubuntu 4.8.2-19ubuntu1) 
configure:3162: $? = 0
configure:3151: g++ -V >&5
g++: error: unrecognized command line option '-V'
g++: fatal error: no input files
compilation terminated.
configure:3162: $? = 4
configure:3151: g++ -qversion >&5
g++: error: unrecognized command line option '-qversion'
g++: fatal error: no input files
compilation terminated.
configure:3162: $? = 4
configure:3166: checking whether we are using the GNU C++ compiler
configure:3185: g++ -c   conftest.cpp >&5
configure:3185: $? = 0
configure:3194: result: yes
configure:3203: checking whether g++ accepts -g
configure:3223: g++ -c -g  conftest.cpp >&5
configure:3223: $? = 0
configure:3264: result: yes
configure:3330: checking for ar
configure:3346: found /usr/bin/ar
configure:3357: result: ar
configure:3387: checking how to run the C preprocessor
configure:3418: gcc -E  conftest.c
configure:3418: $? = 0
configure:3432: gcc -E  conftest.c
conftest.c:9:28: fatal error: ac_nonexistent.h: No such file or directory
 #include <ac_nonexistent.h>
                            ^
compilation terminated.
configure:3432: $? = 1
configure: failed program was:
| /* confdefs.h */
| #define PACKAGE_NAME "libdl"
| #define PACKAGE_TARNAME "libdl"
| #define PACKAGE_VERSION "1.0.0"
| #define PACKAGE_STRING "libdl 1.0.0"
| #define PACKAGE_BUGREPORT ""
| #define PACKAGE_URL ""
| /* end confdefs.h.  */
| #include <ac_nonexistent.h>
configure:3457: result: gcc -E
configure:3477: gcc -E  conftest.c
configure:3477: $? = 0
configure:3491: gcc -E  conftest.c
conftest.c:9:28: fatal error: ac_nonexistent.h: No such file or directory
 #include <ac_nonexistent.h>
                            ^
compilation terminated.
configure:3491: $? = 1
configure: failed program was:
| /* confdefs.h */
| #define PACKAGE_NAME "libdl"
| #define PACKAGE_TARNAME "libdl"
| #define PACKAGE_VERSION "1.0.0"
| #define PACKAGE_STRING "libdl 1.0.0"
| #define PACKAGE_BUGREPORT ""
| #define PACKAGE_URL ""
| /* end confdefs.h.  */
| #include <ac_nonexistent.h>
configure:3520: checking for grep that handles long lines and -e
configure:3578: result: /bin/grep
configure:3583: checking for egrep
configure:3645: result: /bin/grep -E
configure:3650: checking for ANSI C header files
configure:3670: gcc -c -g -O2  conftest.c >&5
configure:3670: $? = 0
configure:3743: gcc -o conftest -g -O2   conftest.c  >&5
configure:3743: $? = 0
configure:3743: ./conftest
configure:3743: $? = 0
configure:3754: result: yes
configure:3767: checking for sys/types.h
configure:3767: gcc -c -g -O2  conftest.c >&5
configure:3767: $? = 0
configure:3767: result: yes
configure:3767: checking for sys/stat.h
configure:3767: gcc -c -g -O2  conftest.c >&5
configure:3767: $? = 0
configure:3767: result: yes
configure:3767: checking for stdlib.h
configure:3767: gcc -c -g -O2  conftest.c >&5
configure:3767: $? = 0
configure:3767: result: yes
configure:3767: checking for string.h
configure:3767: gcc -c -g -O2  conftest.c >&5
configure:3767: $? = 0
configure:3767: result: yes
configure:3767: checking for memory.h
configure:3767: gcc -c -g -O2  conftest.c >&5
configure:3767: $? = 0
configure:3767: result: yes
configure:3767: checking for strings.h
configure:3767: gcc -c -g -O2  conftest.c >&5
configure:3767: $? = 0
configure:3767: result: yes
configure:3767: checking for inttypes.h
configure:3767: gcc -c -g -O2  conftest.c >&5
configure:3767: $? = 0
configure:3767: result: yes
configure:3767: checking for stdint.h
configure:3767: gcc -c -g -O2  conftest.c >&5
configure:3767: $? = 0
configure:3767: result: yes
configure:3767: checking for unistd.h
configure:3767: gcc -c -g -O2  conftest.c >&5
configure:3767: $? = 0
configure:3767: result: yes
configure:3782: checking for stdint.h
configure:3782: result: yes
configure:3782: checking for stdlib.h
configure:3782: result: yes
configure:3782: checking for string.h
configure:3782: result: yes
configure:3782: checking sys/time.h usability
configure:3782: gcc -c -g -O2  conftest.c >&5
configure:3782: $? = 0
configure:3782: result: yes
configure:3782: checking sys/time.h presence
configure:3782: gcc -E  conftest.c
configure:3782: $? = 0
configure:3782: result: yes
configure:3782: checking for sys/time.h
configure:3782: result: yes
configure:3782: checking for unistd.h
configure:3782: result: yes
configure:3793: checking for pid_t
configure:3793: gcc -c -g -O2  conftest.c >&5
configure:3793: $? = 0
configure:3793: gcc -c -g -O2  conftest.c >&5
conftest.c: In function 'main':
conftest.c:60:20: error: expected expression before ')' token
 if (sizeof ((pid_t)))
                    ^
configure:3793: $? = 1
configure: failed program was:
| /* confdefs.h */
| #define PACKAGE_NAME "libdl"
| #define PACKAGE_TARNAME "libdl"
| #define PACKAGE_VERSION "1.0.0"
| #define PACKAGE_STRING "libdl 1.0.0"
| #define PACKAGE_BUGREPORT ""
| #define PACKAGE_URL ""
| #define STDC_HEADERS 1
| #define HAVE_SYS_TYPES_H 1
| #define HAVE_SYS_STAT_H 1
| #define HAVE_STDLIB_H 1
| #define HAVE_STRING_H 1
| #define HAVE_MEMORY_H 1
| #define HAVE_STRINGS_H 1
| #define HAVE_INTTYPES_H 1
| #define HAVE_STDINT_H 1
| #define HAVE_UNISTD_H 1
| #define HAVE_STDINT_H 1
| #define HAVE_STDLIB_H 1
| #define HAVE_STRING_H 1
| #define HAVE_SYS_TIME_H 1
| #define HAVE_UNISTD_H 1
| /* end confdefs.h.  */
| #include <stdio.h>
| #ifdef HAVE_SYS_TYPES_H
| # include <sys/types.h>
| #endif
| #ifdef HAVE_SYS_STAT_H
| # include <sys/stat.h>
| #endif
| #ifdef STDC_HEADERS
| # include <stdlib.h>
| # include <stddef.h>
| #else
| # ifdef HAVE_STDLIB_H
| #  include <stdlib.h>
| # endif
| #endif
| #ifdef HAVE_STRING_H
| # if !defined STDC_HEADERS && defined HAVE_MEMORY_H
| #  include <memory.h>
| # endif
| # include <string.h>
| #endif
| #ifdef HAVE_STRINGS_H
| # include <strings.h>
| #endif
| #ifdef HAVE_INTTYPES_H
| # include <inttypes.h>
| #endif
| #ifdef HAVE_STDINT_H
| # include <stdint.h>
| #endif
| #ifdef HAVE_UNISTD_H
| # include <unistd.h>
| #endif
| int
| main ()
| {
| if (sizeof ((pid_t)))
| 	    return 0;
|   ;
|   return 0;
| }
configure:3793: result: yes
configure:3804: checking for size_t
configure:3804: gcc -c -g -O2  conftest.c >&5
configure:3804: $? = 0
configure:3804: gcc -c -g -O2  conftest.c >&5
conftest.c: In function 'main':
conftest.c:60:21: error: expected expression before ')' token
 if (sizeof ((size_t)))
                     ^
configure:3804: $? = 1
configure: failed program was:
| /* confdefs.h */
| #define PACKAGE_NAME "libdl"
| #define PACKAGE_TARNAME "libdl"
| #define PACKAGE_VERSION "1.0.0"
| #define PACKAGE_STRING "libdl 1.0.0"
| #define PACKAGE_BUGREPORT ""
| #define PACKAGE_URL ""
| #define STDC_HEADERS 1
| #define HAVE_SYS_TYPES_H 1
| #define HAVE_SYS_STAT_H 1
| #define HAVE_STDLIB_H 1
| #define HAVE_STRING_H 1
| #define HAVE_MEMORY_H 1
| #define HAVE_STRINGS_H 1
| #define HAVE_INTTYPES_H 1
| #define HAVE_STDINT_H 1
| #define HAVE_UNISTD_H 1
| #define HAVE_STDINT_H 1
| #define HAVE_STDLIB_H 1
| #define HAVE_STRING_H 1
| #define HAVE_SYS_TIME_H 1
| #define HAVE_UNISTD_H 1
| /* end confdefs.h.  */
| #include <stdio.h>
| #ifdef HAVE_SYS_TYPES_H
| # include <sys/types.h>
| #endif
| #ifdef HAVE_SYS_STAT_H
| # include <sys/stat.h>
| #endif
| #ifdef STDC_HEADERS
| # include <stdlib.h>
| # include <stddef.h>
| #else
| # ifdef HAVE_STDLIB_H
| #  include <stdlib.h>
| # endif
| #endif
| #ifdef HAVE_STRING_H
| # if !defined STDC_HEADERS && defined HAVE_MEMORY_H
| #  include <memory.h>
| # endif
| # include <string.h>
| #endif
| #ifdef HAVE_STRINGS_H
| # include <strings.h>
| #endif
| #ifdef HAVE_INTTYPES_H
| # include <inttypes.h>
| #endif
| #ifdef HAVE_STDINT_H
| # include <stdint.h>
| #endif
| #ifdef HAVE_UNISTD_H
| # include <unistd.h>
| #endif
| int
| main ()
| {
| if (sizeof ((size_t)))
| 	    return 0;
|   ;
|   return 0;
| }
configure:3804: result: yes
configure:3815: checking for uint32_t
configure:3815: gcc -c -g -O2  conftest.c >&5
configure:3815: $? = 0
configure:3815: result: yes
configure:3832: checking for malloc
configure:3832: gcc -o conftest -g -O2   conftest.c  >&5
conftest.c:47:6: warning: conflicting types for built-in function 'malloc' [enabled by default]
 char malloc ();
      ^
configure:3832: $? = 0
configure:3832: result: yes
configure:3848: checking for free
configure:3848: gcc -o conftest -g -O2   conftest.c  >&5
conftest.c:48:6: warning: conflicting types for built-in function 'free' [enabled by default]
 char free ();
      ^
configure:3848: $? = 0
configure:3848: result: yes
configure:3864: checking for memset
configure:3864: gcc -o conftest -g -O2   conftest.c  >&5
conftest.c:49:6: warning: conflicting types for built-in function 'memset' [enabled by default]
 char memset ();
      ^
configure:3864: $? = 0
configure:3864: result: yes
configure:4040: creating ./config.status

## ---------------------- ##
## Running config.status. ##
## ---------------------- ##

This file was extended by libdl config.status 1.0.0, which was
generated by GNU Autoconf 2.69.  Invocation command line was

  CONFIG_FILES    = 
  CONFIG_HEADERS  = 
  CONFIG_LINKS    = 
  CONFIG_COMMANDS = 
  $ ./config.status 

on warex

config.status:732: creating Makefile

## ---------------- ##
## Cache variables. ##
## ---------------- ##

ac_cv_c_compiler_gnu=yes
ac_cv_c_uint32_t=yes
ac_cv_cxx_compiler_gnu=yes
ac_cv_env_CCC_set=
ac_cv_env_CCC_value=
ac_cv_env_CC_set=
ac_cv_env_CC_value=
ac_cv_env_CFLAGS_set=
ac_cv_env_CFLAGS_value=
ac_cv_env_CPPFLAGS_set=
ac_cv_env_CPPFLAGS_value=
ac_cv_env_CPP_set=
ac_cv_env_CPP_value=
ac_cv_env_CXXFLAGS_set=
ac_cv_env_CXXFLAGS_value=
ac_cv_env_CXX_set=
ac_cv_env_CXX_value=
ac_cv_env_LDFLAGS_set=
ac_cv_env_LDFLAGS_value=
ac_cv_env_LIBS_set=
ac_cv_env_LIBS_value=
ac_cv_env_build_alias_set=
ac_cv_env_build_alias_value=
ac_cv_env_host_alias_set=
ac_cv_env_host_alias_value=
ac_cv_env_target_alias_set=
ac_cv_env_target_alias_value=
ac_cv_func_free=yes
ac_cv_func_malloc=yes
ac_cv_func_memset=yes
ac_cv_header_inttypes_h=yes
ac_cv_header_memory_h=yes
ac_cv_header_stdc=yes
ac_cv_header_stdint_h=yes
ac_cv_header_stdlib_h=yes
ac_cv_header_string_h=yes
ac_cv_header_strings_h=yes
ac_cv_header_sys_stat_h=yes
ac_cv_header_sys_time_h=yes
ac_cv_header_sys_types_h=yes
ac_cv_header_unistd_h=yes
ac_cv_objext=o
ac_cv_path_EGREP='/bin/grep -E'
ac_cv_path_GREP=/bin/grep
ac_cv_prog_CPP='gcc -E'
ac_cv_prog_ac_ct_AR=ar
ac_cv_prog_ac_ct_CC=gcc
ac_cv_prog_ac_ct_CXX=g++
ac_cv_prog_cc_c89=
ac_cv_prog_cc_g=yes
ac_cv_prog_cxx_g=yes
ac_cv_type_pid_t=yes
ac_cv_type_size_t=yes

## ----------------- ##
## Output variables. ##
## ----------------- ##

AR='ar'
CC='gcc'
CFLAGS='-g -O2'
CPP='gcc -E'
CPPFLAGS=''
CXX='g++'
CXXFLAGS='-g -O2'
DEFS='-DPACKAGE_NAME=\"libdl\" -DPACKAGE_TARNAME=\"libdl\" -DPACKAGE_VERSION=\"1.0.0\" -DPACKAGE_STRING=\"libdl\ 1.0.0\" -DPACKAGE_BUGREPORT=\"\" -DPACKAGE_URL=\"\" -DSTDC_HEADERS=1 -DHAVE_SYS_TYPES_H=1 -DHAVE_SYS_STAT_H=1 -DHAVE_STDLIB_H=1 -DHAVE_STRING_H=1 -DHAVE_MEMORY_H=1 -DHAVE_STRINGS_H=1 -DHAVE_INTTYPES_H=1 -DHAVE_STDINT_H=1 -DHAVE_UNISTD_H=1 -DHAVE_STDINT_H=1 -DHAVE_STDLIB_H=1 -DHAVE_STRING_H=1 -DHAVE_SYS_TIME_H=1 -DHAVE_UNISTD_H=1 -DHAVE_MALLOC=1 -DHAVE_FREE=1 -DHAVE_MEMSET=1'
ECHO_C=''
ECHO_N='-n'
ECHO_T=''
EGREP='/bin/grep -E'
EXEEXT=''
GREP='/bin/grep'
LDFLAGS=''
LIBOBJS=''
LIBS=''
LTLIBOBJS=''
OBJEXT='o'
PACKAGE_BUGREPORT=''
PACKAGE_NAME='libdl'
PACKAGE_STRING='libdl 1.0.0'
PACKAGE_TARNAME='libdl'
PACKAGE_URL=''
PACKAGE_VERSION='1.0.0'
PATH_SEPARATOR=':'
SHELL='/bin/bash'
ac_ct_CC='gcc'
ac_ct_CXX='g++'
bindir='${exec_prefix}/bin'
build_alias=''
datadir='${datarootdir}'
datarootdir='${prefix}/share'
docdir='${datarootdir}/doc/${PACKAGE_TARNAME}'
dvidir='${docdir}'
exec_prefix='${prefix}'
host_alias=''
htmldir='${docdir}'
includedir='${prefix}/include'
infodir='${datarootdir}/info'
libdir='${exec_prefix}/lib'
libexecdir='${exec_prefix}/libexec'
localedir='${datarootdir}/locale'
localstatedir='${prefix}/var'
mandir='${datarootdir}/man'
oldincludedir='/usr/include'
package='libdl'
pdfdir='${docdir}'
prefix='/usr'
program_transform_name='s,x,x,'
psdir='${docdir}'
sbindir='${exec_prefix}/sbin'
sharedstatedir='${prefix}/com'
srcdir='src'
sysconfdir='${prefix}/etc'
target_alias=''
tstdir='test'
version='1.0.0'

## ----------- ##
## confdefs.h. ##
## ----------- ##

/* confdefs.h */
#define PACKAGE_NAME "libdl"
#define PACKAGE_TARNAME "libdl"
#define PACKAGE_VERSION "1.0.0"
#define PACKAGE_STRING "libdl 1.0.0"
#define PACKAGE_BUGREPORT ""
#define PACKAGE_URL ""
#define STDC_HEADERS 1
#define HAVE_SYS_TYPES_H 1
#define HAVE_SYS_STAT_H 1
#define HAVE_STDLIB_H 1
#define HAVE_STRING_H 1
#define HAVE_MEMORY_H 1
#define HAVE_STRINGS_H 1
#define HAVE_INTTYPES_H 1
#define HAVE_STDINT_H 1
#define HAVE_UNISTD_H 1
#define HAVE_STDINT_H 1
#define HAVE_STDLIB_H 1
#define HAVE_STRING_H 1
#define HAVE_SYS_TIME_H 1
#define HAVE_UNISTD_H 1
#define HAVE_MALLOC 1
#define HAVE_FREE 1
#define HAVE_MEMSET 1

configure: exit 0
